[website1428777.nicepage.io/Abouta7c9.html]
[backblue.gif]
[fade.gif]
[index.html]
[images01.nicepage.com/a1389d7bc73adea1e1c1fb7e/34546ffbbfe8574eb8ff9fd8/Untitled-3.jpg]
[website1428777.nicepage.io/nicepagee9d1.css]
[images01.nicepage.com/a1389d7bc73adea1e1c1fb7e/28904caf1dfc553f97cd2a81/pexels-photo-3760529.jpg]
[capp.nicepage.com/assets/jquery-1.9.1.min.js]
[images01.nicepage.com/c461c07a441a5d220e8feb1a/d2e3d0b710535531bb4759db/fgfg.jpg]
[images01.nicepage.com/c461c07a441a5d220e8feb1a/b2d43da24f4b52ff8a5d69df/vbvb.jpg]
[capp.nicepage.com/811927d206c1c5bd32a9d514af68e7065569e3c1/nicepage.js]
[images01.nicepage.com/a1389d7bc73adea1e1c1fb7e/81cd18bc3a2052f7954fa01c/pexels-photo-2102415.jpg]
[website1428777.nicepage.io/About.html]
[website1428777.nicepage.io/Home.html]
[website1428777.nicepage.io/Abouta7c9.html]
[images01.nicepage.com/c461c07a441a5d220e8feb1a/a8449a7cd76b51d6b27e30fc/545682.png]
[website1428777.nicepage.io/nicepagee9d1.css]
[website1428777.nicepage.io/About.html]
[website1428777.nicepage.io/Contact.html]
[images01.nicepage.com/a1389d7bc73adea1e1c1fb7e/2f6015003a5d56c487a4a3b3/pexels-photo-4101143.jpg]
[images01.nicepage.com/a1389d7bc73adea1e1c1fb7e/f115849fd9f45156a7c52b81/pexels-photo-3285196.jpg]
[images01.nicepage.com/a1389d7bc73adea1e1c1fb7e/e02581399c7e55539d52acd3/pexels-photo-4098374.jpg]
[images01.nicepage.com/a1389d7bc73adea1e1c1fb7e/97692c1eaef0529b87b90edb/pexels-photo-6382633.jpg]
[images01.nicepage.com/a1389d7bc73adea1e1c1fb7e/ea5fcf8838e75648a6d15429/pexels-photo-5699456.jpg]
[images01.nicepage.com/a1389d7bc73adea1e1c1fb7e/d7da67324cec5ce5a2e9123a/1491171.png]
[website1428777.nicepage.io/index.html]
[images01.nicepage.com/a1389d7bc73adea1e1c1fb7e/7df87cc8fc465254aa83827a/1491214.png]
[images01.nicepage.com/a1389d7bc73adea1e1c1fb7e/c4e85fe3c9585facaf194ac5/pexels-photo-4098340.jpg]
[website1428777.nicepage.io/Home.html]
[website1428777.nicepage.io/Contact.html]
[website1428777.nicepage.io/index.html]
